<?xml version="1.0" encoding="UTF-8"?>
<!-- Generated by org.testng.reporters.JUnitReportReporter -->
<testsuite hostname="DESKTOP-KLQCVJ4" name="mavengit.jenkins.DEmo" tests="2" failures="0" timestamp="31 Jan 2020 02:57:41 GMT" time="0.017" errors="0">
  <testcase name="createAccount" time="0.013" classname="mavengit.jenkins.DEmo"/>
  <testcase name="launchBrowser" time="0.004" classname="mavengit.jenkins.DEmo"/>
</testsuite> <!-- mavengit.jenkins.DEmo -->
